<?xml version="1.0" encoding="UTF-8"?>
<coverage generated="1650301413888" clover="3.2.0">
  <project timestamp="1650301413888" name="All files">
    <metrics statements="15" coveredstatements="10" conditionals="3" coveredconditionals="1" methods="2" coveredmethods="2" elements="20" coveredelements="13" complexity="0" loc="15" ncloc="15" packages="1" files="1" classes="1"/>
    <file name="mockLogInFunction.ts" path="C:\Users\user\Desktop\whereismytutor-backend\GitHub\backend\test\mockLogInFunction.ts">
      <metrics statements="15" coveredstatements="10" conditionals="3" coveredconditionals="1" methods="2" coveredmethods="2"/>
      <line num="1" count="1" type="stmt"/>
      <line num="4" count="1" type="stmt"/>
      <line num="6" count="1" type="stmt"/>
      <line num="7" count="1" type="stmt"/>
      <line num="8" count="1" type="stmt"/>
      <line num="12" count="1" type="stmt"/>
      <line num="14" count="1" type="stmt"/>
      <line num="15" count="1" type="stmt"/>
      <line num="16" count="1" type="cond" truecount="1" falsecount="0"/>
      <line num="18" count="1" type="stmt"/>
      <line num="22" count="0" type="cond" truecount="0" falsecount="1"/>
      <line num="24" count="0" type="stmt"/>
      <line num="27" count="0" type="cond" truecount="0" falsecount="1"/>
      <line num="28" count="0" type="stmt"/>
      <line num="30" count="0" type="stmt"/>
    </file>
  </project>
</coverage>
